[01m[K/media/psf/Home/Desktop/business-1/test-repo/ros2-control-demo/gz_ros2_control/ign_ros2_control_demos/examples/example_arm.cpp:[m[K In function â€˜[01m[Kint main(int, char**)[m[Kâ€™:
[01m[K/media/psf/Home/Desktop/business-1/test-repo/ros2-control-demo/gz_ros2_control/ign_ros2_control_demos/examples/example_arm.cpp:115:46:[m[K [01;31m[Kerror: [m[Kredeclaration of â€˜[01m[Ktrajectory_msgs::msg::JointTrajectoryPoint point[m[Kâ€™
  115 |   trajectory_msgs::msg::JointTrajectoryPoint [01;31m[Kpoint[m[K;
      |                                              [01;31m[K^~~~~[m[K
[01m[K/media/psf/Home/Desktop/business-1/test-repo/ros2-control-demo/gz_ros2_control/ign_ros2_control_demos/examples/example_arm.cpp:111:46:[m[K [01;36m[Knote: [m[Kâ€˜[01m[Ktrajectory_msgs::msg::JointTrajectoryPoint point[m[Kâ€™ previously declared here
  111 |   trajectory_msgs::msg::JointTrajectoryPoint [01;36m[Kpoint[m[K;
      |                                              [01;36m[K^~~~~[m[K
gmake[2]: *** [CMakeFiles/example_arm.dir/build.make:76: CMakeFiles/example_arm.dir/examples/example_arm.cpp.o] Error 1
gmake[1]: *** [CMakeFiles/Makefile2:177: CMakeFiles/example_arm.dir/all] Error 2
gmake: *** [Makefile:146: all] Error 2
