[0.026s] Invoking command in '/media/psf/Home/Desktop/business-1/test-repo/ros2-control-demo/gz_ros2_control/ign_ros2_control_demos/build/ign_ros2_control_demos': CMAKE_PREFIX_PATH=${CMAKE_PREFIX_PATH}:/opt/ros/humble /usr/bin/cmake --build /media/psf/Home/Desktop/business-1/test-repo/ros2-control-demo/gz_ros2_control/ign_ros2_control_demos/build/ign_ros2_control_demos -- -j4 -l4
[0.132s] [ 12%] Built target example_position
[0.160s] [ 25%] Built target example_effort
[0.227s] [ 37%] Built target example_diff_drive
[0.306s] [ 50%] Built target example_tricycle_drive
[0.387s] [ 62%] Built target example_ackermann_drive
[0.490s] [ 75%] Built target example_gripper
[0.548s] [ 87%] Built target example_velocity
[0.595s] [35m[1mConsolidate compiler generated dependencies of target example_arm[0m
[0.726s] [ 93%] [32mBuilding CXX object CMakeFiles/example_arm.dir/examples/example_arm.cpp.o[0m
[2.560s] [01m[K/media/psf/Home/Desktop/business-1/test-repo/ros2-control-demo/gz_ros2_control/ign_ros2_control_demos/examples/example_arm.cpp:[m[K In function â€˜[01m[Kint main(int, char**)[m[Kâ€™:
[2.560s] [01m[K/media/psf/Home/Desktop/business-1/test-repo/ros2-control-demo/gz_ros2_control/ign_ros2_control_demos/examples/example_arm.cpp:115:46:[m[K [01;31m[Kerror: [m[Kredeclaration of â€˜[01m[Ktrajectory_msgs::msg::JointTrajectoryPoint point[m[Kâ€™
[2.561s]   115 |   trajectory_msgs::msg::JointTrajectoryPoint [01;31m[Kpoint[m[K;
[2.561s]       |                                              [01;31m[K^~~~~[m[K
[2.561s] [01m[K/media/psf/Home/Desktop/business-1/test-repo/ros2-control-demo/gz_ros2_control/ign_ros2_control_demos/examples/example_arm.cpp:111:46:[m[K [01;36m[Knote: [m[Kâ€˜[01m[Ktrajectory_msgs::msg::JointTrajectoryPoint point[m[Kâ€™ previously declared here
[2.561s]   111 |   trajectory_msgs::msg::JointTrajectoryPoint [01;36m[Kpoint[m[K;
[2.561s]       |                                              [01;36m[K^~~~~[m[K
[3.112s] gmake[2]: *** [CMakeFiles/example_arm.dir/build.make:76: CMakeFiles/example_arm.dir/examples/example_arm.cpp.o] Error 1
[3.113s] gmake[1]: *** [CMakeFiles/Makefile2:177: CMakeFiles/example_arm.dir/all] Error 2
[3.113s] gmake: *** [Makefile:146: all] Error 2
[3.114s] Invoked command in '/media/psf/Home/Desktop/business-1/test-repo/ros2-control-demo/gz_ros2_control/ign_ros2_control_demos/build/ign_ros2_control_demos' returned '2': CMAKE_PREFIX_PATH=${CMAKE_PREFIX_PATH}:/opt/ros/humble /usr/bin/cmake --build /media/psf/Home/Desktop/business-1/test-repo/ros2-control-demo/gz_ros2_control/ign_ros2_control_demos/build/ign_ros2_control_demos -- -j4 -l4
