[ 12%] Built target example_position
[ 25%] Built target example_effort
[ 37%] Built target example_diff_drive
[ 50%] Built target example_tricycle_drive
[ 62%] Built target example_ackermann_drive
[ 75%] Built target example_gripper
[ 87%] Built target example_velocity
[ 93%] [32mBuilding CXX object CMakeFiles/example_arm.dir/examples/example_arm.cpp.o[0m
In file included from [01m[K/opt/ros/humble/include/rclcpp/rclcpp/logging.hpp:24[m[K,
                 from [01m[K/opt/ros/humble/include/rclcpp/rclcpp/client.hpp:40[m[K,
                 from [01m[K/opt/ros/humble/include/rclcpp/rclcpp/callback_group.hpp:24[m[K,
                 from [01m[K/opt/ros/humble/include/rclcpp/rclcpp/any_executable.hpp:20[m[K,
                 from [01m[K/opt/ros/humble/include/rclcpp/rclcpp/memory_strategy.hpp:25[m[K,
                 from [01m[K/opt/ros/humble/include/rclcpp/rclcpp/memory_strategies.hpp:18[m[K,
                 from [01m[K/opt/ros/humble/include/rclcpp/rclcpp/executor_options.hpp:20[m[K,
                 from [01m[K/opt/ros/humble/include/rclcpp/rclcpp/executor.hpp:37[m[K,
                 from [01m[K/opt/ros/humble/include/rclcpp/rclcpp/executors/multi_threaded_executor.hpp:25[m[K,
                 from [01m[K/opt/ros/humble/include/rclcpp/rclcpp/executors.hpp:21[m[K,
                 from [01m[K/opt/ros/humble/include/rclcpp/rclcpp/rclcpp.hpp:155[m[K,
                 from [01m[K/media/psf/Home/Desktop/business-1/test-repo/ros2-control-demo/gz_ros2_control/ign_ros2_control_demos/examples/example_arm.cpp:19[m[K:
[01m[K/media/psf/Home/Desktop/business-1/test-repo/ros2-control-demo/gz_ros2_control/ign_ros2_control_demos/examples/example_arm.cpp:[m[K In function â€˜[01m[Kvoid common_goal_response(rclcpp_action::ClientGoalHandle<control_msgs::action::FollowJointTrajectory>::SharedPtr)[m[Kâ€™:
[01m[K/media/psf/Home/Desktop/business-1/test-repo/ros2-control-demo/gz_ros2_control/ign_ros2_control_demos/examples/example_arm.cpp:43:79:[m[K [01;31m[Kerror: [m[Kâ€˜[01m[Kconst GoalUUID[m[Kâ€™ {aka â€˜[01m[Kconst struct std::array<unsigned char, 16>[m[Kâ€™} has no member named â€˜[01m[Kto_string[m[Kâ€™
   43 | (), "Goal ID: %s", goal_handle->get_goal_id().[01;31m[Kto_string[m[K().c_str());
      |                                               [01;31m[K^~~~~~~~~[m[K

gmake[2]: *** [CMakeFiles/example_arm.dir/build.make:76: CMakeFiles/example_arm.dir/examples/example_arm.cpp.o] Error 1
gmake[1]: *** [CMakeFiles/Makefile2:177: CMakeFiles/example_arm.dir/all] Error 2
gmake: *** [Makefile:146: all] Error 2
